{"C:\\Users\\Manas Singh\\Desktop\\ProductHub\\src\\components\\WishlistContext.tsx": {"path":"C:\\Users\\Manas Singh\\Desktop\\ProductHub\\src\\components\\WishlistContext.tsx","statementMap":{"0":{"start":{"line":1,"column":0},"end":{"line":1,"column":87}},"1":{"start":{"line":11,"column":24},"end":{"line":11,"column":81}},"2":{"start":{"line":14,"column":27},"end":{"line":20,"column":1}},"3":{"start":{"line":15,"column":18},"end":{"line":15,"column":45}},"4":{"start":{"line":16,"column":2},"end":{"line":18,"column":3}},"5":{"start":{"line":17,"column":4},"end":{"line":17,"column":74}},"6":{"start":{"line":19,"column":2},"end":{"line":19,"column":17}},"7":{"start":{"line":14,"column":13},"end":{"line":14,"column":27}},"8":{"start":{"line":26,"column":32},"end":{"line":68,"column":1}},"9":{"start":{"line":28,"column":44},"end":{"line":36,"column":4}},"10":{"start":{"line":29,"column":4},"end":{"line":35,"column":5}},"11":{"start":{"line":30,"column":27},"end":{"line":30,"column":59}},"12":{"start":{"line":31,"column":8},"end":{"line":31,"column":56}},"13":{"start":{"line":33,"column":8},"end":{"line":33,"column":52}},"14":{"start":{"line":34,"column":8},"end":{"line":34,"column":17}},"15":{"start":{"line":38,"column":2},"end":{"line":40,"column":21}},"16":{"start":{"line":39,"column":4},"end":{"line":39,"column":68}},"17":{"start":{"line":42,"column":24},"end":{"line":46,"column":3}},"18":{"start":{"line":43,"column":4},"end":{"line":45,"column":5}},"19":{"start":{"line":43,"column":36},"end":{"line":43,"column":58}},"20":{"start":{"line":44,"column":6},"end":{"line":44,"column":52}},"21":{"start":{"line":48,"column":29},"end":{"line":50,"column":3}},"22":{"start":{"line":49,"column":4},"end":{"line":49,"column":74}},"23":{"start":{"line":49,"column":50},"end":{"line":49,"column":71}},"24":{"start":{"line":52,"column":23},"end":{"line":54,"column":3}},"25":{"start":{"line":53,"column":4},"end":{"line":53,"column":61}},"26":{"start":{"line":53,"column":38},"end":{"line":53,"column":59}},"27":{"start":{"line":56,"column":37},"end":{"line":61,"column":4}},"28":{"start":{"line":63,"column":2},"end":{"line":67,"column":4}},"29":{"start":{"line":26,"column":13},"end":{"line":26,"column":32}},"30":{"start":{"line":70,"column":0},"end":{"line":70,"column":31}}},"fnMap":{"0":{"name":"(anonymous_0)","decl":{"start":{"line":14,"column":27},"end":{"line":14,"column":51}},"loc":{"start":{"line":14,"column":53},"end":{"line":20,"column":1}}},"1":{"name":"(anonymous_1)","decl":{"start":{"line":26,"column":32},"end":{"line":26,"column":33}},"loc":{"start":{"line":26,"column":72},"end":{"line":68,"column":1}}},"2":{"name":"(anonymous_2)","decl":{"start":{"line":28,"column":64},"end":{"line":28,"column":66}},"loc":{"start":{"line":28,"column":68},"end":{"line":36,"column":3}}},"3":{"name":"(anonymous_3)","decl":{"start":{"line":38,"column":12},"end":{"line":38,"column":14}},"loc":{"start":{"line":38,"column":16},"end":{"line":40,"column":3}}},"4":{"name":"(anonymous_4)","decl":{"start":{"line":42,"column":24},"end":{"line":42,"column":25}},"loc":{"start":{"line":42,"column":45},"end":{"line":46,"column":3}}},"5":{"name":"(anonymous_5)","decl":{"start":{"line":43,"column":28},"end":{"line":43,"column":32}},"loc":{"start":{"line":43,"column":36},"end":{"line":43,"column":58}}},"6":{"name":"(anonymous_6)","decl":{"start":{"line":48,"column":29},"end":{"line":48,"column":30}},"loc":{"start":{"line":48,"column":51},"end":{"line":50,"column":3}}},"7":{"name":"(anonymous_7)","decl":{"start":{"line":49,"column":42},"end":{"line":49,"column":46}},"loc":{"start":{"line":49,"column":50},"end":{"line":49,"column":71}}},"8":{"name":"(anonymous_8)","decl":{"start":{"line":52,"column":23},"end":{"line":52,"column":24}},"loc":{"start":{"line":52,"column":54},"end":{"line":54,"column":3}}},"9":{"name":"(anonymous_9)","decl":{"start":{"line":53,"column":30},"end":{"line":53,"column":34}},"loc":{"start":{"line":53,"column":38},"end":{"line":53,"column":59}}}},"branchMap":{"0":{"loc":{"start":{"line":16,"column":2},"end":{"line":18,"column":3}},"type":"if","locations":[{"start":{"line":16,"column":2},"end":{"line":18,"column":3}},{"start":{},"end":{}}]},"1":{"loc":{"start":{"line":31,"column":15},"end":{"line":31,"column":55}},"type":"cond-expr","locations":[{"start":{"line":31,"column":28},"end":{"line":31,"column":50}},{"start":{"line":31,"column":53},"end":{"line":31,"column":55}}]},"2":{"loc":{"start":{"line":43,"column":4},"end":{"line":45,"column":5}},"type":"if","locations":[{"start":{"line":43,"column":4},"end":{"line":45,"column":5}},{"start":{},"end":{}}]}},"s":{"0":1,"1":1,"2":1,"3":0,"4":0,"5":0,"6":0,"7":1,"8":1,"9":0,"10":0,"11":0,"12":0,"13":0,"14":0,"15":0,"16":0,"17":0,"18":0,"19":0,"20":0,"21":0,"22":0,"23":0,"24":0,"25":0,"26":0,"27":0,"28":0,"29":1,"30":1},"f":{"0":0,"1":0,"2":0,"3":0,"4":0,"5":0,"6":0,"7":0,"8":0,"9":0},"b":{"0":[0,0],"1":[0,0],"2":[0,0]}}
,"C:\\Users\\Manas Singh\\Desktop\\ProductHub\\src\\components\\InterestForm\\InterestForm.tsx": {"path":"C:\\Users\\Manas Singh\\Desktop\\ProductHub\\src\\components\\InterestForm\\InterestForm.tsx","statementMap":{"0":{"start":{"line":13,"column":0},"end":{"line":13,"column":16}},"1":{"start":{"line":2,"column":0},"end":{"line":2,"column":62}},"2":{"start":{"line":3,"column":0},"end":{"line":3,"column":22}},"3":{"start":{"line":4,"column":0},"end":{"line":4,"column":54}},"4":{"start":{"line":6,"column":19},"end":{"line":10,"column":2}},"5":{"start":{"line":14,"column":2},"end":{"line":14,"column":20}},"6":{"start":{"line":19,"column":32},"end":{"line":72,"column":1}},"7":{"start":{"line":26,"column":8},"end":{"line":28,"column":6}},"8":{"start":{"line":30,"column":45},"end":{"line":37,"column":5}},"9":{"start":{"line":31,"column":12},"end":{"line":31,"column":26}},"10":{"start":{"line":32,"column":12},"end":{"line":36,"column":15}},"11":{"start":{"line":39,"column":4},"end":{"line":71,"column":null}},"12":{"start":{"line":74,"column":0},"end":{"line":74,"column":28}}},"fnMap":{"0":{"name":"logData","decl":{"start":{"line":13,"column":16},"end":{"line":13,"column":23}},"loc":{"start":{"line":13,"column":37},"end":{"line":15,"column":1}}},"1":{"name":"(anonymous_1)","decl":{"start":{"line":19,"column":32},"end":{"line":19,"column":35}},"loc":{"start":{"line":19,"column":37},"end":{"line":72,"column":1}}},"2":{"name":"(anonymous_2)","decl":{"start":{"line":30,"column":45},"end":{"line":30,"column":46}},"loc":{"start":{"line":30,"column":54},"end":{"line":37,"column":5}}}},"branchMap":{"0":{"loc":{"start":{"line":45,"column":17},"end":{"line":45,"column":95}},"type":"binary-expr","locations":[{"start":{"line":45,"column":17},"end":{"line":45,"column":28}},{"start":{"line":45,"column":32},"end":{"line":45,"column":95}}]},"1":{"loc":{"start":{"line":53,"column":17},"end":{"line":53,"column":97}},"type":"binary-expr","locations":[{"start":{"line":53,"column":17},"end":{"line":53,"column":29}},{"start":{"line":53,"column":33},"end":{"line":53,"column":97}}]}},"s":{"0":1,"1":1,"2":1,"3":1,"4":1,"5":2,"6":1,"7":6,"8":6,"9":0,"10":0,"11":6,"12":1},"f":{"0":2,"1":6,"2":0},"b":{"0":[6,0],"1":[6,0]}}
,"C:\\Users\\Manas Singh\\Desktop\\ProductHub\\src\\components\\ProductCard\\ProductCard.tsx": {"path":"C:\\Users\\Manas Singh\\Desktop\\ProductHub\\src\\components\\ProductCard\\ProductCard.tsx","statementMap":{"0":{"start":{"line":3,"column":0},"end":{"line":3,"column":53}},"1":{"start":{"line":4,"column":0},"end":{"line":4,"column":51}},"2":{"start":{"line":5,"column":0},"end":{"line":5,"column":52}},"3":{"start":{"line":6,"column":0},"end":{"line":6,"column":49}},"4":{"start":{"line":12,"column":48},"end":{"line":90,"column":1}},"5":{"start":{"line":14,"column":61},"end":{"line":14,"column":74}},"6":{"start":{"line":15,"column":19},"end":{"line":15,"column":43}},"7":{"start":{"line":17,"column":1},"end":{"line":89,"column":3}},"8":{"start":{"line":26,"column":6},"end":{"line":26,"column":30}},"9":{"start":{"line":27,"column":6},"end":{"line":27,"column":29}},"10":{"start":{"line":28,"column":6},"end":{"line":32,"column":7}},"11":{"start":{"line":29,"column":7},"end":{"line":29,"column":30}},"12":{"start":{"line":31,"column":7},"end":{"line":31,"column":38}},"13":{"start":{"line":55,"column":6},"end":{"line":55,"column":22}},"14":{"start":{"line":92,"column":0},"end":{"line":92,"column":27}}},"fnMap":{"0":{"name":"(anonymous_1)","decl":{"start":{"line":12,"column":48},"end":{"line":12,"column":49}},"loc":{"start":{"line":12,"column":64},"end":{"line":90,"column":1}}},"1":{"name":"(anonymous_2)","decl":{"start":{"line":25,"column":14},"end":{"line":25,"column":15}},"loc":{"start":{"line":25,"column":24},"end":{"line":33,"column":6}}},"2":{"name":"(anonymous_3)","decl":{"start":{"line":54,"column":23},"end":{"line":54,"column":24}},"loc":{"start":{"line":55,"column":6},"end":{"line":55,"column":22}}}},"branchMap":{"0":{"loc":{"start":{"line":28,"column":6},"end":{"line":32,"column":7}},"type":"if","locations":[{"start":{"line":28,"column":6},"end":{"line":32,"column":7}},{"start":{"line":30,"column":13},"end":{"line":32,"column":7}}]},"1":{"loc":{"start":{"line":38,"column":13},"end":{"line":38,"column":51}},"type":"cond-expr","locations":[{"start":{"line":38,"column":25},"end":{"line":38,"column":35}},{"start":{"line":38,"column":38},"end":{"line":38,"column":51}}]}},"s":{"0":1,"1":1,"2":1,"3":1,"4":1,"5":7,"6":7,"7":7,"8":2,"9":2,"10":2,"11":1,"12":1,"13":14,"14":1},"f":{"0":7,"1":2,"2":14},"b":{"0":[1,1],"1":[1,6]}}
,"C:\\Users\\Manas Singh\\Desktop\\ProductHub\\src\\utils\\priceUtils.ts": {"path":"C:\\Users\\Manas Singh\\Desktop\\ProductHub\\src\\utils\\priceUtils.ts","statementMap":{"0":{"start":{"line":3,"column":24},"end":{"line":6,"column":1}},"1":{"start":{"line":4,"column":21},"end":{"line":4,"column":49}},"2":{"start":{"line":5,"column":4},"end":{"line":5,"column":41}},"3":{"start":{"line":8,"column":0},"end":{"line":8,"column":31}}},"fnMap":{"0":{"name":"(anonymous_0)","decl":{"start":{"line":3,"column":24},"end":{"line":3,"column":25}},"loc":{"start":{"line":3,"column":57},"end":{"line":6,"column":1}}}},"branchMap":{},"s":{"0":1,"1":7,"2":7,"3":1},"f":{"0":7},"b":{}}
}
