TN:
SF:src\components\WishlistContext.tsx
FN:14,(anonymous_0)
FN:26,(anonymous_1)
FN:28,(anonymous_2)
FN:38,(anonymous_3)
FN:42,(anonymous_4)
FN:43,(anonymous_5)
FN:48,(anonymous_6)
FN:49,(anonymous_7)
FN:52,(anonymous_8)
FN:53,(anonymous_9)
FNF:10
FNH:0
FNDA:0,(anonymous_0)
FNDA:0,(anonymous_1)
FNDA:0,(anonymous_2)
FNDA:0,(anonymous_3)
FNDA:0,(anonymous_4)
FNDA:0,(anonymous_5)
FNDA:0,(anonymous_6)
FNDA:0,(anonymous_7)
FNDA:0,(anonymous_8)
FNDA:0,(anonymous_9)
DA:1,1
DA:11,1
DA:14,1
DA:15,0
DA:16,0
DA:17,0
DA:19,0
DA:26,1
DA:28,0
DA:29,0
DA:30,0
DA:31,0
DA:33,0
DA:34,0
DA:38,0
DA:39,0
DA:42,0
DA:43,0
DA:44,0
DA:48,0
DA:49,0
DA:52,0
DA:53,0
DA:56,0
DA:63,0
DA:70,1
LF:26
LH:5
BRDA:16,0,0,0
BRDA:16,0,1,0
BRDA:31,1,0,0
BRDA:31,1,1,0
BRDA:43,2,0,0
BRDA:43,2,1,0
BRF:6
BRH:0
end_of_record
TN:
SF:src\components\InterestForm\InterestForm.tsx
FN:13,logData
FN:19,(anonymous_1)
FN:30,(anonymous_2)
FNF:3
FNH:2
FNDA:2,logData
FNDA:6,(anonymous_1)
FNDA:0,(anonymous_2)
DA:2,1
DA:3,1
DA:4,1
DA:6,1
DA:13,1
DA:14,2
DA:19,1
DA:26,6
DA:30,6
DA:31,0
DA:32,0
DA:39,6
DA:74,1
LF:13
LH:11
BRDA:45,0,0,6
BRDA:45,0,1,0
BRDA:53,1,0,6
BRDA:53,1,1,0
BRF:4
BRH:2
end_of_record
TN:
SF:src\components\ProductCard\ProductCard.tsx
FN:12,(anonymous_1)
FN:25,(anonymous_2)
FN:54,(anonymous_3)
FNF:3
FNH:3
FNDA:7,(anonymous_1)
FNDA:2,(anonymous_2)
FNDA:14,(anonymous_3)
DA:3,1
DA:4,1
DA:5,1
DA:6,1
DA:12,1
DA:14,7
DA:15,7
DA:17,7
DA:26,2
DA:27,2
DA:28,2
DA:29,1
DA:31,1
DA:55,14
DA:92,1
LF:15
LH:15
BRDA:28,0,0,1
BRDA:28,0,1,1
BRDA:38,1,0,1
BRDA:38,1,1,6
BRF:4
BRH:4
end_of_record
TN:
SF:src\utils\priceUtils.ts
FN:3,(anonymous_0)
FNF:1
FNH:1
FNDA:7,(anonymous_0)
DA:3,1
DA:4,7
DA:5,7
DA:8,1
LF:4
LH:4
BRF:0
BRH:0
end_of_record
